<?xml version="1.0" encoding="UTF-8"?>
<!-- Generated by org.testng.reporters.JUnitReportReporter -->
<testsuite hostname="kokosPC" failures="0" tests="1" name="framework.test.InboxPageTest" time="30.603" errors="0" timestamp="2023-01-11T15:25:16 MSK" skipped="0">
  <testcase classname="framework.test.InboxPageTest" name="estimatePriceEquityTest" time="30.603"/>
  <system-out/>
</testsuite> <!-- framework.test.InboxPageTest -->
