<?xml version="1.0" encoding="UTF-8"?>
<!-- Generated by org.testng.reporters.JUnitReportReporter -->
<testsuite hostname="kokosPC" failures="0" tests="1" name="framework.test.CalculatorPageTest" time="18.043" errors="0" timestamp="2023-01-10T14:17:38 MSK" skipped="0">
  <testcase classname="framework.test.CalculatorPageTest" name="actualAndExpectedCalculatorComponentsTest" time="18.043"/>
  <system-out/>
</testsuite> <!-- framework.test.CalculatorPageTest -->
